#separator \x09
#set_separator	,
#empty_field	(empty)
#unset_field	-
#path	dhcp
#open	2025-07-15-12-01-58
#fields	ts	uids	client_addr	server_addr	mac	host_name	client_fqdn	domain	requested_addr	assigned_addr	lease_time	client_message	server_message	msg_types	duration
#types	time	set[string]	addr	addr	string	string	string	string	addr	addr	interval	string	string	vector[string]	interval
1752500960.507547	CRslT34rvT1qMvbic8	-	-	08:00:27:11:68:b4	OpenPLC	-	-	-	-	-	-	-	DISCOVER	0.000000
1752500976.951050	CRslT34rvT1qMvbic8	-	-	08:00:27:11:68:b4	OpenPLC	-	-	-	-	-	-	-	DISCOVER	0.000000
1752500991.469929	CRslT34rvT1qMvbic8	-	-	08:00:27:11:68:b4	OpenPLC	-	-	-	-	-	-	-	DISCOVER	0.000000
1752500989.176246	CRslT34rvT1qMvbic8	-	-	08:00:27:11:68:b4	OpenPLC	-	-	-	-	-	-	-	DISCOVER	0.000000
1752500995.981153	CRslT34rvT1qMvbic8	-	-	08:00:27:11:68:b4	OpenPLC	-	-	-	-	-	-	-	DISCOVER	0.000000
1752501004.582974	CRslT34rvT1qMvbic8	-	-	08:00:27:11:68:b4	OpenPLC	-	-	-	-	-	-	-	DISCOVER	0.000000
1752501020.830034	CRslT34rvT1qMvbic8	-	-	08:00:27:11:68:b4	OpenPLC	-	-	-	-	-	-	-	DISCOVER	0.000000
1752501034.166993	CRslT34rvT1qMvbic8	-	-	08:00:27:11:68:b4	OpenPLC	-	-	-	-	-	-	-	DISCOVER	0.000000
1752501036.658521	CRslT34rvT1qMvbic8	-	-	08:00:27:11:68:b4	OpenPLC	-	-	-	-	-	-	-	DISCOVER	0.000000
1752501040.968317	CRslT34rvT1qMvbic8	-	-	08:00:27:11:68:b4	OpenPLC	-	-	-	-	-	-	-	DISCOVER	0.000000
1752501049.248201	CRslT34rvT1qMvbic8	-	-	08:00:27:11:68:b4	OpenPLC	-	-	-	-	-	-	-	DISCOVER	0.000000
1752501065.439117	CRslT34rvT1qMvbic8	-	-	08:00:27:11:68:b4	OpenPLC	-	-	-	-	-	-	-	DISCOVER	0.000000
#close	2025-07-15-12-01-59
